app/build/outputs/logs/manifest-merger-debug-report.txt
-- Merging decision tree log ---
provider#android.support.v4.content.FileProvider
INJECTED from src\main\AndroidManifest.xml:91:9-99:20
	android:grantUriPermissions
		ADDED from src\main\AndroidManifest.xml:95:13-47
	android:authorities
		INJECTED from src\main\AndroidManifest.xml
		ADDED from src\main\AndroidManifest.xml:93:13-60
	android:exported
		ADDED from src\main\AndroidManifest.xml:94:13-37
	android:name
		ADDED from src\main\AndroidManifest.xml:92:13-67
manifest
ADDED from src\main\AndroidManifest.xml:2:1-121:12
INJECTED from src\main\AndroidManifest.xml:2:1-121:12
INJECTED from src\main\AndroidManifest.xml:2:1-121:12
INJECTED from src\main\AndroidManifest.xml:2:1-121:12
MERGED from [com.nononsenseapps:filepicker:3.1.0] AndroidManifest.xml:7:1-19:12
MERGED from [io.freefair.android-colors:material:1.2.0] AndroidManifest.xml:2:1-12:12
MERGED from [io.freefair.android-injection:injection:1.0.0-rc3] AndroidManifest.xml:2:1-13:12
MERGED from [io.freefair.android-util:preference:1.1.1] AndroidManifest.xml:2:1-12:12
MERGED from [com.android.support:design:27.0.2] AndroidManifest.xml:17:1-22:12
MERGED from [com.android.support.constraint:constraint-layout:1.1.3] AndroidManifest.xml:2:1-11:12
MERGED from [:MPChartLib] AndroidManifest.xml:2:1-20:12
MERGED from [com.android.support:appcompat-v7:27.0.2] AndroidManifest.xml:17:1-22:12
MERGED from [com.android.support:support-v4:27.0.2] AndroidManifest.xml:17:1-22:12
MERGED from [com.android.support:recyclerview-v7:27.0.2] AndroidManifest.xml:17:1-22:12
MERGED from [io.freefair.android-util:function:1.1.1] AndroidManifest.xml:2:1-12:12
MERGED from [io.freefair.android-util:logging:1.1.1] AndroidManifest.xml:2:1-12:12
MERGED from [com.android.support:transition:27.0.2] AndroidManifest.xml:17:1-22:12
MERGED from [com.android.support:support-fragment:27.0.2] AndroidManifest.xml:17:1-22:12
MERGED from [com.android.support:support-core-utils:27.0.2] AndroidManifest.xml:17:1-22:12
MERGED from [com.android.support:animated-vector-drawable:27.0.2] AndroidManifest.xml:17:1-22:12
MERGED from [com.android.support:support-vector-drawable:27.0.2] AndroidManifest.xml:17:1-22:12
MERGED from [com.android.support:support-core-ui:27.0.2] AndroidManifest.xml:17:1-22:12
MERGED from [com.android.support:support-media-compat:27.0.2] AndroidManifest.xml:17:1-22:12
MERGED from [com.android.support:support-compat:27.0.2] AndroidManifest.xml:17:1-22:12
MERGED from [android.arch.lifecycle:runtime:1.0.3] AndroidManifest.xml:17:1-24:12
INJECTED from src\main\AndroidManifest.xml:2:1-121:12
INJECTED from src\main\AndroidManifest.xml:2:1-121:12
INJECTED from src\main\AndroidManifest.xml:2:1-121:12
	package
		ADDED from src\main\AndroidManifest.xml:2:11-47
		INJECTED from src\main\AndroidManifest.xml
		INJECTED from src\main\AndroidManifest.xml
	android:versionName
		INJECTED from src\main\AndroidManifest.xml
		ADDED from src\main\AndroidManifest.xml:2:1-121:12
		INJECTED from src\main\AndroidManifest.xml
	xmlns:tools
		ADDED from src\main\AndroidManifest.xml:4:5-51
	xmlns:android
		ADDED from src\main\AndroidManifest.xml:3:5-63
	android:versionCode
		ADDED from src\main\AndroidManifest.xml:5:5-29
		INJECTED from src\main\AndroidManifest.xml
		INJECTED from src\main\AndroidManifest.xml
application
ADDED from src\main\AndroidManifest.xml:7:5-114:19
MERGED from [com.nononsenseapps:filepicker:3.1.0] AndroidManifest.xml:17:5-20
MERGED from [com.nononsenseapps:filepicker:3.1.0] AndroidManifest.xml:17:5-20
MERGED from [com.android.support.constraint:constraint-layout:1.1.3] AndroidManifest.xml:9:5-20
MERGED from [com.android.support.constraint:constraint-layout:1.1.3] AndroidManifest.xml:9:5-20
	android:label
		ADDED from src\main\AndroidManifest.xml:11:9-41
	android:fullBackupContent
		ADDED from src\main\AndroidManifest.xml:9:9-54
	android:icon
		ADDED from src\main\AndroidManifest.xml:10:9-45
	android:allowBackup
		ADDED from src\main\AndroidManifest.xml:8:9-35
	android:theme
		ADDED from src\main\AndroidManifest.xml:12:9-51
activity#de.eidottermihi.rpicheck.DiskUsageListviewActivity
ADDED from src\main\AndroidManifest.xml:13:9-15:61
	android:screenOrientation
		ADDED from src\main\AndroidManifest.xml:15:13-49
	android:name
		ADDED from src\main\AndroidManifest.xml:14:13-78
activity#de.eidottermihi.rpicheck.DiskUsageFullPieChartActivity
ADDED from src\main\AndroidManifest.xml:16:9-91
	android:name
		ADDED from src\main\AndroidManifest.xml:16:19-88
activity#de.eidottermihi.rpicheck.DiskUsageChartActivity
ADDED from src\main\AndroidManifest.xml:17:9-84
	android:name
		ADDED from src\main\AndroidManifest.xml:17:19-81
activity#de.eidottermihi.rpicheck.activity.MainActivity
ADDED from src\main\AndroidManifest.xml:18:9-27:20
	android:label
		ADDED from src\main\AndroidManifest.xml:20:13-56
	android:launchMode
		ADDED from src\main\AndroidManifest.xml:21:13-44
	android:name
		ADDED from src\main\AndroidManifest.xml:19:13-74
intent-filter#action:name:android.intent.action.MAIN+category:name:android.intent.category.LAUNCHER
ADDED from src\main\AndroidManifest.xml:22:13-26:29
action#android.intent.action.MAIN
ADDED from src\main\AndroidManifest.xml:23:17-69
	android:name
		ADDED from src\main\AndroidManifest.xml:23:25-66
category#android.intent.category.LAUNCHER
ADDED from src\main\AndroidManifest.xml:25:17-77
	android:name
		ADDED from src\main\AndroidManifest.xml:25:27-74
activity#de.eidottermihi.rpicheck.activity.SettingsActivity
ADDED from src\main\AndroidManifest.xml:28:9-35:20
	android:parentActivityName
		ADDED from src\main\AndroidManifest.xml:31:13-88
	android:label
		ADDED from src\main\AndroidManifest.xml:30:13-60
	android:name
		ADDED from src\main\AndroidManifest.xml:29:13-78
meta-data#android.support.PARENT_ACTIVITY
ADDED from src\main\AndroidManifest.xml:32:13-34:82
	android:value
		ADDED from src\main\AndroidManifest.xml:34:17-79
	android:name
		ADDED from src\main\AndroidManifest.xml:33:17-63
activity#de.eidottermihi.rpicheck.activity.NewRaspiActivity
ADDED from src\main\AndroidManifest.xml:36:9-44:20
	android:parentActivityName
		ADDED from src\main\AndroidManifest.xml:39:13-88
	android:label
		ADDED from src\main\AndroidManifest.xml:38:13-61
	android:uiOptions
		ADDED from src\main\AndroidManifest.xml:40:13-57
	android:name
		ADDED from src\main\AndroidManifest.xml:37:13-78
activity#de.eidottermihi.rpicheck.activity.NewRaspiAuthActivity
ADDED from src\main\AndroidManifest.xml:45:9-53:20
	android:parentActivityName
		ADDED from src\main\AndroidManifest.xml:48:13-92
	android:label
		ADDED from src\main\AndroidManifest.xml:47:13-61
	android:uiOptions
		ADDED from src\main\AndroidManifest.xml:49:13-57
	android:name
		ADDED from src\main\AndroidManifest.xml:46:13-82
activity#de.eidottermihi.rpicheck.activity.EditRaspiActivity
ADDED from src\main\AndroidManifest.xml:54:9-62:20
	android:parentActivityName
		ADDED from src\main\AndroidManifest.xml:57:13-88
	android:label
		ADDED from src\main\AndroidManifest.xml:56:13-62
	android:uiOptions
		ADDED from src\main\AndroidManifest.xml:58:13-57
	android:name
		ADDED from src\main\AndroidManifest.xml:55:13-79
activity#de.eidottermihi.rpicheck.activity.CustomCommandActivity
ADDED from src\main\AndroidManifest.xml:63:9-71:20
	android:parentActivityName
		ADDED from src\main\AndroidManifest.xml:67:13-88
	android:label
		ADDED from src\main\AndroidManifest.xml:65:13-60
	android:launchMode
		ADDED from src\main\AndroidManifest.xml:66:13-43
	android:name
		ADDED from src\main\AndroidManifest.xml:64:13-83
activity#de.eidottermihi.rpicheck.activity.NewCommandActivity
ADDED from src\main\AndroidManifest.xml:72:9-80:20
	android:parentActivityName
		ADDED from src\main\AndroidManifest.xml:75:13-97
	android:label
		ADDED from src\main\AndroidManifest.xml:74:13-63
	android:uiOptions
		ADDED from src\main\AndroidManifest.xml:76:13-57
	android:name
		ADDED from src\main\AndroidManifest.xml:73:13-80
activity#de.eidottermihi.rpicheck.activity.helper.RaspiFilePickerActivity
ADDED from src\main\AndroidManifest.xml:81:9-84:54
	android:label
		ADDED from src\main\AndroidManifest.xml:83:13-45
	android:theme
		ADDED from src\main\AndroidManifest.xml:84:13-51
	android:name
		ADDED from src\main\AndroidManifest.xml:82:13-92
activity#de.eidottermihi.rpicheck.widget.OverclockingWidgetConfigureActivity
ADDED from src\main\AndroidManifest.xml:85:9-89:20
	android:name
		ADDED from src\main\AndroidManifest.xml:85:19-101
intent-filter#action:name:android.appwidget.action.APPWIDGET_CONFIGURE
ADDED from src\main\AndroidManifest.xml:86:13-88:29
action#android.appwidget.action.APPWIDGET_CONFIGURE
ADDED from src\main\AndroidManifest.xml:87:17-87
	android:name
		ADDED from src\main\AndroidManifest.xml:87:25-84
receiver#de.eidottermihi.rpicheck.widget.OverclockingWidget
ADDED from src\main\AndroidManifest.xml:101:9-109:20
	android:name
		ADDED from src\main\AndroidManifest.xml:101:19-84
intent-filter#action:name:android.appwidget.action.APPWIDGET_UPDATE
ADDED from src\main\AndroidManifest.xml:102:13-104:29
action#android.appwidget.action.APPWIDGET_UPDATE
ADDED from src\main\AndroidManifest.xml:103:17-84
	android:name
		ADDED from src\main\AndroidManifest.xml:103:25-81
meta-data#android.appwidget.provider
ADDED from src\main\AndroidManifest.xml:106:13-108:68
	android:resource
		ADDED from src\main\AndroidManifest.xml:108:17-65
	android:name
		ADDED from src\main\AndroidManifest.xml:107:17-58
service#de.eidottermihi.rpicheck.widget.WidgetUpdateService
ADDED from src\main\AndroidManifest.xml:111:9-113:72
	android:permission
		ADDED from src\main\AndroidManifest.xml:113:13-69
	android:name
		ADDED from src\main\AndroidManifest.xml:112:13-79
uses-permission#android.permission.WAKE_LOCK
ADDED from src\main\AndroidManifest.xml:115:5-68
	android:name
		ADDED from src\main\AndroidManifest.xml:115:22-65
uses-permission#android.permission.INTERNET
ADDED from src\main\AndroidManifest.xml:116:5-67
	android:name
		ADDED from src\main\AndroidManifest.xml:116:22-64
uses-permission#android.permission.ACCESS_NETWORK_STATE
ADDED from src\main\AndroidManifest.xml:117:5-79
	android:name
		ADDED from src\main\AndroidManifest.xml:117:22-76
uses-permission#android.permission.WRITE_EXTERNAL_STORAGE
ADDED from src\main\AndroidManifest.xml:119:5-81
	android:name
		ADDED from src\main\AndroidManifest.xml:119:22-78
uses-sdk
INJECTED from src\main\AndroidManifest.xml reason: use-sdk injection requested
INJECTED from src\main\AndroidManifest.xml
INJECTED from src\main\AndroidManifest.xml
MERGED from [com.nononsenseapps:filepicker:3.1.0] AndroidManifest.xml:13:5-15:41
MERGED from [com.nononsenseapps:filepicker:3.1.0] AndroidManifest.xml:13:5-15:41
MERGED from [io.freefair.android-colors:material:1.2.0] AndroidManifest.xml:8:5-10:41
MERGED from [io.freefair.android-colors:material:1.2.0] AndroidManifest.xml:8:5-10:41
MERGED from [io.freefair.android-injection:injection:1.0.0-rc3] AndroidManifest.xml:8:5-11:60
MERGED from [io.freefair.android-injection:injection:1.0.0-rc3] AndroidManifest.xml:8:5-11:60
MERGED from [io.freefair.android-util:preference:1.1.1] AndroidManifest.xml:8:5-10:41
MERGED from [io.freefair.android-util:preference:1.1.1] AndroidManifest.xml:8:5-10:41
MERGED from [com.android.support:design:27.0.2] AndroidManifest.xml:20:5-44
MERGED from [com.android.support:design:27.0.2] AndroidManifest.xml:20:5-44
MERGED from [com.android.support.constraint:constraint-layout:1.1.3] AndroidManifest.xml:5:5-7:41
MERGED from [com.android.support.constraint:constraint-layout:1.1.3] AndroidManifest.xml:5:5-7:41
MERGED from [:MPChartLib] AndroidManifest.xml:16:5-18:41
MERGED from [:MPChartLib] AndroidManifest.xml:16:5-18:41
MERGED from [com.android.support:appcompat-v7:27.0.2] AndroidManifest.xml:20:5-44
MERGED from [com.android.support:appcompat-v7:27.0.2] AndroidManifest.xml:20:5-44
MERGED from [com.android.support:support-v4:27.0.2] AndroidManifest.xml:20:5-44
MERGED from [com.android.support:support-v4:27.0.2] AndroidManifest.xml:20:5-44
MERGED from [com.android.support:recyclerview-v7:27.0.2] AndroidManifest.xml:20:5-44
MERGED from [com.android.support:recyclerview-v7:27.0.2] AndroidManifest.xml:20:5-44
MERGED from [io.freefair.android-util:function:1.1.1] AndroidManifest.xml:8:5-10:41
MERGED from [io.freefair.android-util:function:1.1.1] AndroidManifest.xml:8:5-10:41
MERGED from [io.freefair.android-util:logging:1.1.1] AndroidManifest.xml:8:5-10:41
MERGED from [io.freefair.android-util:logging:1.1.1] AndroidManifest.xml:8:5-10:41
MERGED from [com.android.support:transition:27.0.2] AndroidManifest.xml:20:5-44
MERGED from [com.android.support:transition:27.0.2] AndroidManifest.xml:20:5-44
MERGED from [com.android.support:support-fragment:27.0.2] AndroidManifest.xml:20:5-44
MERGED from [com.android.support:support-fragment:27.0.2] AndroidManifest.xml:20:5-44
MERGED from [com.android.support:support-core-utils:27.0.2] AndroidManifest.xml:20:5-44
MERGED from [com.android.support:support-core-utils:27.0.2] AndroidManifest.xml:20:5-44
MERGED from [com.android.support:animated-vector-drawable:27.0.2] AndroidManifest.xml:20:5-44
MERGED from [com.android.support:animated-vector-drawable:27.0.2] AndroidManifest.xml:20:5-44
MERGED from [com.android.support:support-vector-drawable:27.0.2] AndroidManifest.xml:20:5-44
MERGED from [com.android.support:support-vector-drawable:27.0.2] AndroidManifest.xml:20:5-44
MERGED from [com.android.support:support-core-ui:27.0.2] AndroidManifest.xml:20:5-44
MERGED from [com.android.support:support-core-ui:27.0.2] AndroidManifest.xml:20:5-44
MERGED from [com.android.support:support-media-compat:27.0.2] AndroidManifest.xml:20:5-44
MERGED from [com.android.support:support-media-compat:27.0.2] AndroidManifest.xml:20:5-44
MERGED from [com.android.support:support-compat:27.0.2] AndroidManifest.xml:20:5-44
MERGED from [com.android.support:support-compat:27.0.2] AndroidManifest.xml:20:5-44
MERGED from [android.arch.lifecycle:runtime:1.0.3] AndroidManifest.xml:20:5-22:41
MERGED from [android.arch.lifecycle:runtime:1.0.3] AndroidManifest.xml:20:5-22:41
INJECTED from src\main\AndroidManifest.xml
INJECTED from src\main\AndroidManifest.xml
	tools:overrideLibrary
		ADDED from [io.freefair.android-injection:injection:1.0.0-rc3] AndroidManifest.xml:11:9-57
	android:targetSdkVersion
		INJECTED from src\main\AndroidManifest.xml
		ADDED from src\main\AndroidManifest.xml
		INJECTED from src\main\AndroidManifest.xml
	android:minSdkVersion
		INJECTED from src\main\AndroidManifest.xml
		ADDED from src\main\AndroidManifest.xml
		INJECTED from src\main\AndroidManifest.xml
meta-data#android.support.FILE_PROVIDER_PATHS
ADDED from src\main\AndroidManifest.xml:96:13-98:58
	android:resource
		ADDED from src\main\AndroidManifest.xml:98:17-55
	android:name
		ADDED from src\main\AndroidManifest.xml:97:17-67